[SI/22-23/21467] 1/179 | Started
[SI/22-23/21467] 1/179 | Wrong items 8
[SI/22-23/21467] 1/179 | CN creation started
[SI/22-23/21467] 1/179 | CN creation completed - [CN/22-23/06564]: Grand Total = -5513.55
[SI/22-23/21467] 1/179 | Correct SI creation started
[SI/22-23/21747] 1/179 | Correct SI creation completed - [SI/22-23/21747]: Grand Total = 4406.97
[SI/22-23/21747] 1/179 | Completed in 0:00:15.150928 Total time till now 0:00:15.313934
[SI/22-23/21485] 2/179 | Started
[SI/22-23/21485] 2/179 | Completed in 0:00:00.302525 Total time till now 0:00:15.616515
[SI/22-23/21486] 3/179 | Started
[SI/22-23/21486] 3/179 | Wrong items 2
[SI/22-23/21486] 3/179 | CN creation started
[SI/22-23/21486] 3/179 | CN creation completed - [CN/22-23/06565]: Grand Total = -237.31
[SI/22-23/21486] 3/179 | Correct SI creation started
[SI/22-23/21748] 3/179 | Correct SI creation completed - [SI/22-23/21748]: Grand Total = 346.01
[SI/22-23/21748] 3/179 | Completed in 0:00:08.406987 Total time till now 0:00:24.023559
[SI/22-23/21487] 4/179 | Started
[SI/22-23/21487] 4/179 | Wrong items 23
[SI/22-23/21487] 4/179 | CN creation started
[SI/22-23/21487] 4/179 | CN creation completed - [CN/22-23/06566]: Grand Total = -15953.21
[SI/22-23/21487] 4/179 | Correct SI creation started
[SI/22-23/21749] 4/179 | Correct SI creation completed - [SI/22-23/21749]: Grand Total = 13629.61
[SI/22-23/21749] 4/179 | Completed in 0:00:30.920731 Total time till now 0:00:54.944350
[SI/22-23/21488] 5/179 | Started
[SI/22-23/21488] 5/179 | Wrong items 7
[SI/22-23/21488] 5/179 | CN creation started
[SI/22-23/21488] 5/179 | CN creation completed - [CN/22-23/06567]: Grand Total = -2477.91
[SI/22-23/21488] 5/179 | Correct SI creation started
[SI/22-23/21750] 5/179 | Correct SI creation completed - [SI/22-23/21750]: Grand Total = 1084.82
[SI/22-23/21750] 5/179 | Completed in 0:00:12.525895 Total time till now 0:01:07.470310
[SI/22-23/21489] 6/179 | Started
[SI/22-23/21489] 6/179 | Wrong items 13
[SI/22-23/21489] 6/179 | CN creation started
[SI/22-23/21489] 6/179 | CN creation completed - [CN/22-23/06568]: Grand Total = -18327.16
[SI/22-23/21489] 6/179 | Correct SI creation started
[SI/22-23/21751] 6/179 | Correct SI creation completed - [SI/22-23/21751]: Grand Total = 15978.53
[SI/22-23/21751] 6/179 | Completed in 0:00:20.581089 Total time till now 0:01:28.051463
[SI/22-23/21490] 7/179 | Started
[SI/22-23/21490] 7/179 | Wrong items 3
[SI/22-23/21490] 7/179 | CN creation started
[SI/22-23/21490] 7/179 | CN creation completed - [CN/22-23/06569]: Grand Total = -938.14
[SI/22-23/21490] 7/179 | Correct SI creation started
[SI/22-23/21752] 7/179 | Correct SI creation completed - [SI/22-23/21752]: Grand Total = 553.7
[SI/22-23/21752] 7/179 | Completed in 0:00:08.960568 Total time till now 0:01:37.012092
[SI/22-23/21491] 8/179 | Started
[SI/22-23/21491] 8/179 | Completed in 0:00:00.310177 Total time till now 0:01:37.322321
[SI/22-23/21492] 9/179 | Started
[SI/22-23/21492] 9/179 | Completed in 0:00:00.409414 Total time till now 0:01:37.731778
[SI/22-23/21493] 10/179 | Started
[SI/22-23/21493] 10/179 | Wrong items 1
[SI/22-23/21493] 10/179 | CN creation started
[SI/22-23/21493] 10/179 | CN creation completed - [CN/22-23/06570]: Grand Total = -600.0
[SI/22-23/21493] 10/179 | Correct SI creation started
[SI/22-23/21753] 10/179 | Correct SI creation completed - [SI/22-23/21753]: Grand Total = 933.35
[SI/22-23/21753] 10/179 | Completed in 0:00:09.589454 Total time till now 0:01:47.321288
[SI/22-23/21495] 11/179 | Started
[SI/22-23/21495] 11/179 | Wrong items 3
[SI/22-23/21495] 11/179 | CN creation started
[SI/22-23/21495] 11/179 | CN creation completed - [CN/22-23/06571]: Grand Total = -7190.9
[SI/22-23/21495] 11/179 | Correct SI creation started
[SI/22-23/21754] 11/179 | Correct SI creation completed - [SI/22-23/21754]: Grand Total = 5086.6
[SI/22-23/21754] 11/179 | Completed in 0:00:14.095691 Total time till now 0:02:01.417046
[SI/22-23/21496] 12/179 | Started
[SI/22-23/21496] 12/179 | Completed in 0:00:00.186182 Total time till now 0:02:01.603282
[SI/22-23/21497] 13/179 | Started
[SI/22-23/21497] 13/179 | Wrong items 3
[SI/22-23/21497] 13/179 | CN creation started
[SI/22-23/21497] 13/179 | CN creation completed - [CN/22-23/06572]: Grand Total = -1671.84
[SI/22-23/21497] 13/179 | Correct SI creation started
[SI/22-23/21755] 13/179 | Correct SI creation completed - [SI/22-23/21755]: Grand Total = 1705.99
[SI/22-23/21755] 13/179 | Completed in 0:00:10.534376 Total time till now 0:02:12.137780
[SI/22-23/21498] 14/179 | Started
[SI/22-23/21498] 14/179 | Completed in 0:00:00.057949 Total time till now 0:02:12.195794
[SI/22-23/21499] 15/179 | Started
[SI/22-23/21499] 15/179 | Completed in 0:00:00.067025 Total time till now 0:02:12.262870
[SI/22-23/21500] 16/179 | Started
[SI/22-23/21500] 16/179 | Wrong items 1
[SI/22-23/21500] 16/179 | CN creation started
[SI/22-23/21500] 16/179 | CN creation completed - [CN/22-23/06573]: Grand Total = -584.2
[SI/22-23/21500] 16/179 | Correct SI creation started
[SI/22-23/21756] 16/179 | Correct SI creation completed - [SI/22-23/21756]: Grand Total = 603.82
[SI/22-23/21756] 16/179 | Completed in 0:00:07.933587 Total time till now 0:02:20.196833
[SI/22-23/21501] 17/179 | Started
[SI/22-23/21501] 17/179 | Completed in 0:00:00.231753 Total time till now 0:02:20.428637
[SI/22-23/21502] 18/179 | Started
[SI/22-23/21502] 18/179 | Wrong items 3
[SI/22-23/21502] 18/179 | CN creation started
[SI/22-23/21502] 18/179 | CN creation completed - [CN/22-23/06574]: Grand Total = -687.08
[SI/22-23/21502] 18/179 | Correct SI creation started
[SI/22-23/21757] 18/179 | Correct SI creation completed - [SI/22-23/21757]: Grand Total = 931.81
[SI/22-23/21757] 18/179 | Completed in 0:00:15.548972 Total time till now 0:02:35.977655
[SI/22-23/21519] 19/179 | Started
[SI/22-23/21519] 19/179 | Completed in 0:00:00.302594 Total time till now 0:02:36.280292
[SI/22-23/21520] 20/179 | Started
[SI/22-23/21520] 20/179 | Wrong items 3
[SI/22-23/21520] 20/179 | CN creation started
[SI/22-23/21520] 20/179 | CN creation completed - [CN/22-23/06575]: Grand Total = -6344.1
[SI/22-23/21520] 20/179 | Correct SI creation started
[SI/22-23/21758] 20/179 | Correct SI creation completed - [SI/22-23/21758]: Grand Total = 4589.3
[SI/22-23/21758] 20/179 | Completed in 0:00:10.561028 Total time till now 0:02:46.841370
[SI/22-23/21521] 21/179 | Started
[SI/22-23/21521] 21/179 | Wrong items 16
[SI/22-23/21521] 21/179 | CN creation started
[SI/22-23/21521] 21/179 | CN creation completed - [CN/22-23/06576]: Grand Total = -32964.92
[SI/22-23/21521] 21/179 | Correct SI creation started
[SI/22-23/21759] 21/179 | Correct SI creation completed - [SI/22-23/21759]: Grand Total = 29243.14
[SI/22-23/21759] 21/179 | Completed in 0:00:31.257172 Total time till now 0:03:18.098604
[SI/22-23/21522] 22/179 | Started
[SI/22-23/21522] 22/179 | Wrong items 16
[SI/22-23/21522] 22/179 | CN creation started
[SI/22-23/21522] 22/179 | CN creation completed - [CN/22-23/06577]: Grand Total = -20179.59
[SI/22-23/21522] 22/179 | Correct SI creation started
[SI/22-23/21760] 22/179 | Correct SI creation completed - [SI/22-23/21760]: Grand Total = 16343.44
[SI/22-23/21760] 22/179 | Completed in 0:00:24.790788 Total time till now 0:03:42.889461
[SI/22-23/21523] 23/179 | Started
[SI/22-23/21523] 23/179 | Completed in 0:00:00.068104 Total time till now 0:03:42.957787
[SI/22-23/21524] 24/179 | Started
[SI/22-23/21524] 24/179 | Wrong items 5
[SI/22-23/21524] 24/179 | CN creation started
[SI/22-23/21524] 24/179 | CN creation completed - [CN/22-23/06578]: Grand Total = -5753.8
[SI/22-23/21524] 24/179 | Correct SI creation started
[SI/22-23/21761] 24/179 | Correct SI creation completed - [SI/22-23/21761]: Grand Total = 4114.82
[SI/22-23/21761] 24/179 | Completed in 0:00:14.273899 Total time till now 0:03:57.231774
[SI/22-23/21525] 25/179 | Started
[SI/22-23/21525] 25/179 | Wrong items 8
[SI/22-23/21525] 25/179 | CN creation started
[SI/22-23/21525] 25/179 | CN creation completed - [CN/22-23/06579]: Grand Total = -3236.32
[SI/22-23/21525] 25/179 | Correct SI creation started
[SI/22-23/21762] 25/179 | Correct SI creation completed - [SI/22-23/21762]: Grand Total = 3040.56
[SI/22-23/21762] 25/179 | Completed in 0:00:15.761179 Total time till now 0:04:12.993040
[SI/22-23/21526] 26/179 | Started
[SI/22-23/21526] 26/179 | Wrong items 9
[SI/22-23/21526] 26/179 | CN creation started
[SI/22-23/21526] 26/179 | CN creation completed - [CN/22-23/06580]: Grand Total = -14909.81
[SI/22-23/21526] 26/179 | Correct SI creation started
[SI/22-23/21763] 26/179 | Correct SI creation completed - [SI/22-23/21763]: Grand Total = 10639.4
[SI/22-23/21763] 26/179 | Completed in 0:00:22.188533 Total time till now 0:04:35.181650
[SI/22-23/21527] 27/179 | Started
[SI/22-23/21527] 27/179 | Wrong items 9
[SI/22-23/21527] 27/179 | CN creation started
[SI/22-23/21527] 27/179 | CN creation completed - [CN/22-23/06581]: Grand Total = -3169.71
[SI/22-23/21527] 27/179 | Correct SI creation started
[SI/22-23/21764] 27/179 | Correct SI creation completed - [SI/22-23/21764]: Grand Total = 2689.16
[SI/22-23/21764] 27/179 | Completed in 0:00:16.376906 Total time till now 0:04:51.558634
[SI/22-23/21528] 28/179 | Started
[SI/22-23/21528] 28/179 | Wrong items 8
[SI/22-23/21528] 28/179 | CN creation started
[SI/22-23/21528] 28/179 | CN creation completed - [CN/22-23/06582]: Grand Total = -4282.21
[SI/22-23/21528] 28/179 | Correct SI creation started
[SI/22-23/21765] 28/179 | Correct SI creation completed - [SI/22-23/21765]: Grand Total = 3428.57
[SI/22-23/21765] 28/179 | Completed in 0:00:16.002465 Total time till now 0:05:07.561159
[SI/22-23/21529] 29/179 | Started
[SI/22-23/21529] 29/179 | Wrong items 9
[SI/22-23/21529] 29/179 | CN creation started
[SI/22-23/21529] 29/179 | CN creation completed - [CN/22-23/06583]: Grand Total = -14455.01
[SI/22-23/21529] 29/179 | Correct SI creation started
[SI/22-23/21766] 29/179 | Correct SI creation completed - [SI/22-23/21766]: Grand Total = 13237.47
[SI/22-23/21766] 29/179 | Completed in 0:00:19.750430 Total time till now 0:05:27.311647
[SI/22-23/21530] 30/179 | Started
[SI/22-23/21530] 30/179 | Completed in 0:00:00.061310 Total time till now 0:05:27.373016
[SI/22-23/21531] 31/179 | Started
[SI/22-23/21531] 31/179 | Wrong items 16
[SI/22-23/21531] 31/179 | CN creation started
[SI/22-23/21531] 31/179 | CN creation completed - [CN/22-23/06584]: Grand Total = -23784.03
[SI/22-23/21531] 31/179 | Correct SI creation started
[SI/22-23/21767] 31/179 | Correct SI creation completed - [SI/22-23/21767]: Grand Total = 20279.35
[SI/22-23/21767] 31/179 | Completed in 0:00:30.500266 Total time till now 0:05:57.873341
[SI/22-23/21532] 32/179 | Started
[SI/22-23/21532] 32/179 | Wrong items 2
[SI/22-23/21532] 32/179 | CN creation started
[SI/22-23/21532] 32/179 | CN creation completed - [CN/22-23/06585]: Grand Total = -491.69
[SI/22-23/21532] 32/179 | Correct SI creation started
[SI/22-23/21768] 32/179 | Correct SI creation completed - [SI/22-23/21768]: Grand Total = 551.21
[SI/22-23/21768] 32/179 | Completed in 0:00:09.265245 Total time till now 0:06:07.138655
[SI/22-23/21533] 33/179 | Started
[SI/22-23/21533] 33/179 | Wrong items 6
[SI/22-23/21533] 33/179 | CN creation started
[SI/22-23/21533] 33/179 | CN creation completed - [CN/22-23/06586]: Grand Total = -3204.51
[SI/22-23/21533] 33/179 | Correct SI creation started
[SI/22-23/21769] 33/179 | Correct SI creation completed - [SI/22-23/21769]: Grand Total = 2386.79
[SI/22-23/21769] 33/179 | Completed in 0:00:13.586890 Total time till now 0:06:20.725612
[SI/22-23/21534] 34/179 | Started
[SI/22-23/21534] 34/179 | Wrong items 7
[SI/22-23/21534] 34/179 | CN creation started
[SI/22-23/21534] 34/179 | CN creation completed - [CN/22-23/06587]: Grand Total = -2596.81
[SI/22-23/21534] 34/179 | Correct SI creation started
[SI/22-23/21770] 34/179 | Correct SI creation completed - [SI/22-23/21770]: Grand Total = 2465.86
[SI/22-23/21770] 34/179 | Completed in 0:00:19.908691 Total time till now 0:06:40.634388
[SI/22-23/21535] 35/179 | Started
[SI/22-23/21535] 35/179 | Wrong items 9
[SI/22-23/21535] 35/179 | CN creation started
[SI/22-23/21535] 35/179 | CN creation completed - [CN/22-23/06588]: Grand Total = -15489.57
[SI/22-23/21535] 35/179 | Correct SI creation started
[SI/22-23/21771] 35/179 | Correct SI creation completed - [SI/22-23/21771]: Grand Total = 13275.32
[SI/22-23/21771] 35/179 | Completed in 0:00:17.117125 Total time till now 0:06:57.751573
[SI/22-23/21536] 36/179 | Started
[SI/22-23/21536] 36/179 | Completed in 0:00:00.037461 Total time till now 0:06:57.789082
[SI/22-23/21537] 37/179 | Started
[SI/22-23/21537] 37/179 | Wrong items 11
[SI/22-23/21537] 37/179 | CN creation started
[SI/22-23/21537] 37/179 | CN creation completed - [CN/22-23/06589]: Grand Total = -30188.7
[SI/22-23/21537] 37/179 | Correct SI creation started
[SI/22-23/21772] 37/179 | Correct SI creation completed - [SI/22-23/21772]: Grand Total = 25658.59
[SI/22-23/21772] 37/179 | Completed in 0:00:18.463428 Total time till now 0:07:16.252565
[SI/22-23/21538] 38/179 | Started
[SI/22-23/21538] 38/179 | Wrong items 25
[SI/22-23/21538] 38/179 | CN creation started
[SI/22-23/21538] 38/179 | CN creation completed - [CN/22-23/06590]: Grand Total = -28682.37
[SI/22-23/21538] 38/179 | Correct SI creation started
[SI/22-23/21773] 38/179 | Correct SI creation completed - [SI/22-23/21773]: Grand Total = 24041.82
[SI/22-23/21773] 38/179 | Completed in 0:00:33.287068 Total time till now 0:07:49.539713
[SI/22-23/21539] 39/179 | Started
[SI/22-23/21539] 39/179 | Wrong items 1
[SI/22-23/21539] 39/179 | CN creation started
[SI/22-23/21539] 39/179 | CN creation completed - [CN/22-23/06591]: Grand Total = -291.28
[SI/22-23/21539] 39/179 | Correct SI creation started
[SI/22-23/21774] 39/179 | Correct SI creation completed - [SI/22-23/21774]: Grand Total = 297.22
[SI/22-23/21774] 39/179 | Completed in 0:00:09.351772 Total time till now 0:07:58.891557
[SI/22-23/21540] 40/179 | Started
[SI/22-23/21540] 40/179 | Wrong items 1
[SI/22-23/21540] 40/179 | CN creation started
[SI/22-23/21540] 40/179 | CN creation completed - [CN/22-23/06592]: Grand Total = -1104.6
[SI/22-23/21540] 40/179 | Correct SI creation started
[SI/22-23/21775] 40/179 | Correct SI creation completed - [SI/22-23/21775]: Grand Total = 866.4
[SI/22-23/21775] 40/179 | Completed in 0:00:06.598216 Total time till now 0:08:05.489833
[SI/22-23/21541] 41/179 | Started
[SI/22-23/21541] 41/179 | Completed in 0:00:00.032602 Total time till now 0:08:05.522493
[SI/22-23/21542] 42/179 | Started
[SI/22-23/21542] 42/179 | Completed in 0:00:00.518525 Total time till now 0:08:06.041073
[SI/22-23/21543] 43/179 | Started
[SI/22-23/21543] 43/179 | Wrong items 24
[SI/22-23/21543] 43/179 | CN creation started
[SI/22-23/21543] 43/179 | CN creation completed - [CN/22-23/06593]: Grand Total = -7330.16
[SI/22-23/21543] 43/179 | Correct SI creation started
[SI/22-23/21776] 43/179 | Correct SI creation completed - [SI/22-23/21776]: Grand Total = 6666.09
[SI/22-23/21776] 43/179 | Completed in 0:00:32.129030 Total time till now 0:08:38.170162
[SI/22-23/21544] 44/179 | Started
[SI/22-23/21544] 44/179 | Completed in 0:00:00.144588 Total time till now 0:08:38.314805
[SI/22-23/21545] 45/179 | Started
[SI/22-23/21545] 45/179 | Wrong items 2
[SI/22-23/21545] 45/179 | CN creation started
[SI/22-23/21545] 45/179 | CN creation completed - [CN/22-23/06594]: Grand Total = -732.4
[SI/22-23/21545] 45/179 | Correct SI creation started
[SI/22-23/21777] 45/179 | Correct SI creation completed - [SI/22-23/21777]: Grand Total = 1132.42
[SI/22-23/21777] 45/179 | Completed in 0:00:14.694280 Total time till now 0:08:53.009164
[SI/22-23/21546] 46/179 | Started
[SI/22-23/21546] 46/179 | Completed in 0:00:00.597115 Total time till now 0:08:53.606334
[SI/22-23/21547] 47/179 | Started
[SI/22-23/21547] 47/179 | Completed in 0:00:00.190098 Total time till now 0:08:53.796475
[SI/22-23/21550] 48/179 | Started
[SI/22-23/21550] 48/179 | Completed in 0:00:00.318655 Total time till now 0:08:54.115175
[SI/22-23/21551] 49/179 | Started
[SI/22-23/21551] 49/179 | Wrong items 1
[SI/22-23/21551] 49/179 | CN creation started
[SI/22-23/21551] 49/179 | CN creation completed - [CN/22-23/06595]: Grand Total = -50.48
[SI/22-23/21551] 49/179 | Correct SI creation started
[SI/22-23/21778] 49/179 | Correct SI creation completed - [SI/22-23/21778]: Grand Total = 52.04
[SI/22-23/21778] 49/179 | Completed in 0:00:15.829383 Total time till now 0:09:09.944618
[SI/22-23/21552] 50/179 | Started
[SI/22-23/21552] 50/179 | Completed in 0:00:00.193928 Total time till now 0:09:10.138598
[SI/22-23/21553] 51/179 | Started
[SI/22-23/21553] 51/179 | Completed in 0:00:00.313704 Total time till now 0:09:10.452349
[SI/22-23/21570] 52/179 | Started
[SI/22-23/21570] 52/179 | Wrong items 2
[SI/22-23/21570] 52/179 | CN creation started
[SI/22-23/21570] 52/179 | CN creation completed - [CN/22-23/06596]: Grand Total = -279.23
[SI/22-23/21570] 52/179 | Correct SI creation started
[SI/22-23/21779] 52/179 | Correct SI creation completed - [SI/22-23/21779]: Grand Total = 166.6
[SI/22-23/21779] 52/179 | Completed in 0:00:08.851786 Total time till now 0:09:19.304194
[SI/22-23/21571] 53/179 | Started
[SI/22-23/21571] 53/179 | Completed in 0:00:00.247965 Total time till now 0:09:19.552238
[SI/22-23/21572] 54/179 | Started
[SI/22-23/21572] 54/179 | Completed in 0:00:00.183287 Total time till now 0:09:19.735567
[SI/22-23/21573] 55/179 | Started
[SI/22-23/21573] 55/179 | Wrong items 3
[SI/22-23/21573] 55/179 | CN creation started
[SI/22-23/21573] 55/179 | CN creation completed - [CN/22-23/06597]: Grand Total = -500.5
[SI/22-23/21573] 55/179 | Correct SI creation started
[SI/22-23/21780] 55/179 | Correct SI creation completed - [SI/22-23/21780]: Grand Total = 584.55
[SI/22-23/21780] 55/179 | Completed in 0:00:10.673854 Total time till now 0:09:30.409472
[SI/22-23/21574] 56/179 | Started
[SI/22-23/21574] 56/179 | Completed in 0:00:00.108894 Total time till now 0:09:30.518414
[SI/22-23/21575] 57/179 | Started
[SI/22-23/21575] 57/179 | Completed in 0:00:00.256746 Total time till now 0:09:30.775208
[SI/22-23/21576] 58/179 | Started
[SI/22-23/21576] 58/179 | Completed in 0:00:00.061866 Total time till now 0:09:30.837114
[SI/22-23/21577] 59/179 | Started
[SI/22-23/21577] 59/179 | Completed in 0:00:00.104618 Total time till now 0:09:30.941777
[SI/22-23/21578] 60/179 | Started
[SI/22-23/21578] 60/179 | Completed in 0:00:00.046333 Total time till now 0:09:30.988157
[SI/22-23/21596] 61/179 | Started
[SI/22-23/21596] 61/179 | Completed in 0:00:00.111036 Total time till now 0:09:31.099237
[SI/22-23/21635] 62/179 | Started
[SI/22-23/21635] 62/179 | Completed in 0:00:00.106508 Total time till now 0:09:31.205785
[SI/22-23/21637] 63/179 | Started
[SI/22-23/21637] 63/179 | Completed in 0:00:00.181723 Total time till now 0:09:31.387553
[SI/22-23/21639] 64/179 | Started
[SI/22-23/21639] 64/179 | Completed in 0:00:00.028398 Total time till now 0:09:31.416001
[SI/22-23/21640] 65/179 | Started
[SI/22-23/21640] 65/179 | Completed in 0:00:00.191532 Total time till now 0:09:31.607576
[SI/22-23/21641] 66/179 | Started
[SI/22-23/21641] 66/179 | Completed in 0:00:00.134991 Total time till now 0:09:31.742618
[SI/22-23/21642] 67/179 | Started
[SI/22-23/21642] 67/179 | Completed in 0:00:00.035681 Total time till now 0:09:31.778351
[SI/22-23/21643] 68/179 | Started
[SI/22-23/21643] 68/179 | Completed in 0:00:00.115349 Total time till now 0:09:31.893750
[SI/22-23/21644] 69/179 | Started
[SI/22-23/21644] 69/179 | Completed in 0:00:00.094786 Total time till now 0:09:31.988580
[SI/22-23/21645] 70/179 | Started
[SI/22-23/21645] 70/179 | Completed in 0:00:00.329933 Total time till now 0:09:32.318563
[SI/22-23/21646] 71/179 | Started
[SI/22-23/21646] 71/179 | Completed in 0:00:00.143315 Total time till now 0:09:32.461927
[SI/22-23/21647] 72/179 | Started
[SI/22-23/21647] 72/179 | Completed in 0:00:00.101492 Total time till now 0:09:32.563465
[SI/22-23/21648] 73/179 | Started
[SI/22-23/21648] 73/179 | Completed in 0:00:00.133704 Total time till now 0:09:32.697235
[SI/22-23/21649] 74/179 | Started
[SI/22-23/21649] 74/179 | Completed in 0:00:00.584054 Total time till now 0:09:33.281334
[SI/22-23/21650] 75/179 | Started
[SI/22-23/21650] 75/179 | Wrong items 1
[SI/22-23/21650] 75/179 | CN creation started
[SI/22-23/21650] 75/179 | CN creation completed - [CN/22-23/06598]: Grand Total = -360.4
[SI/22-23/21650] 75/179 | Correct SI creation started
[SI/22-23/21781] 75/179 | Correct SI creation completed - [SI/22-23/21781]: Grand Total = 450.4
[SI/22-23/21781] 75/179 | Completed in 0:00:06.346026 Total time till now 0:09:39.627418
[SI/22-23/21651] 76/179 | Started
[SI/22-23/21651] 76/179 | Completed in 0:00:00.119715 Total time till now 0:09:39.747204
[SI/22-23/21652] 77/179 | Started
[SI/22-23/21652] 77/179 | Completed in 0:00:00.074216 Total time till now 0:09:39.821468
[SI/22-23/21653] 78/179 | Started
[SI/22-23/21653] 78/179 | Completed in 0:00:00.511944 Total time till now 0:09:40.333457
[SI/22-23/21654] 79/179 | Started
[SI/22-23/21654] 79/179 | Completed in 0:00:00.223755 Total time till now 0:09:40.557255
[SI/22-23/21655] 80/179 | Started
[SI/22-23/21655] 80/179 | Completed in 0:00:00.216292 Total time till now 0:09:40.773593
[SI/22-23/21656] 81/179 | Started
[SI/22-23/21656] 81/179 | Completed in 0:00:00.539043 Total time till now 0:09:41.312684
[SI/22-23/21657] 82/179 | Started
[SI/22-23/21657] 82/179 | Completed in 0:00:00.024071 Total time till now 0:09:41.336804
[SI/22-23/21658] 83/179 | Started
[SI/22-23/21658] 83/179 | Completed in 0:00:00.025814 Total time till now 0:09:41.362663
[SI/22-23/21659] 84/179 | Started
[SI/22-23/21659] 84/179 | Completed in 0:00:00.045891 Total time till now 0:09:41.408605
[SI/22-23/21660] 85/179 | Started
[SI/22-23/21660] 85/179 | Completed in 0:00:00.205950 Total time till now 0:09:41.614600
[SI/22-23/21661] 86/179 | Started
[SI/22-23/21661] 86/179 | Wrong items 1
[SI/22-23/21661] 86/179 | CN creation started
[SI/22-23/21661] 86/179 | CN creation completed - [CN/22-23/06599]: Grand Total = -200.0
[SI/22-23/21661] 86/179 | Correct SI creation started
[SI/22-23/21782] 86/179 | Correct SI creation completed - [SI/22-23/21782]: Grand Total = 252.0
[SI/22-23/21782] 86/179 | Completed in 0:00:10.944227 Total time till now 0:09:52.558882
[SI/22-23/21662] 87/179 | Started
[SI/22-23/21662] 87/179 | Completed in 0:00:00.682193 Total time till now 0:09:53.241134
[SI/22-23/21663] 88/179 | Started
[SI/22-23/21663] 88/179 | Completed in 0:00:00.309885 Total time till now 0:09:53.551071
[SI/22-23/21664] 89/179 | Started
[SI/22-23/21664] 89/179 | Completed in 0:00:00.286862 Total time till now 0:09:53.837980
[SI/22-23/21665] 90/179 | Started
[SI/22-23/21665] 90/179 | Completed in 0:00:00.529640 Total time till now 0:09:54.367669
[SI/22-23/21666] 91/179 | Started
[SI/22-23/21666] 91/179 | Completed in 0:00:00.568800 Total time till now 0:09:54.936515
[SI/22-23/21667] 92/179 | Started
[SI/22-23/21667] 92/179 | Completed in 0:00:00.292541 Total time till now 0:09:55.229099
[SI/22-23/21668] 93/179 | Started
[SI/22-23/21668] 93/179 | Completed in 0:00:00.536323 Total time till now 0:09:55.765467
[SI/22-23/21669] 94/179 | Started
[SI/22-23/21669] 94/179 | Completed in 0:00:00.387246 Total time till now 0:09:56.152761
[SI/22-23/21670] 95/179 | Started
[SI/22-23/21670] 95/179 | Completed in 0:00:00.098830 Total time till now 0:09:56.251638
[SI/22-23/21671] 96/179 | Started
[SI/22-23/21671] 96/179 | Completed in 0:00:00.055373 Total time till now 0:09:56.307058
[SI/22-23/21672] 97/179 | Started
[SI/22-23/21672] 97/179 | Completed in 0:00:00.126482 Total time till now 0:09:56.433584
[SI/22-23/21673] 98/179 | Started
[SI/22-23/21673] 98/179 | Completed in 0:00:00.026714 Total time till now 0:09:56.460343
[SI/22-23/21674] 99/179 | Started
[SI/22-23/21674] 99/179 | Completed in 0:00:00.736209 Total time till now 0:09:57.196594
[SI/22-23/21675] 100/179 | Started
[SI/22-23/21675] 100/179 | Completed in 0:00:00.345895 Total time till now 0:09:57.542539
[SI/22-23/21676] 101/179 | Started
[SI/22-23/21676] 101/179 | Completed in 0:00:00.638371 Total time till now 0:09:58.180970
[SI/22-23/21677] 102/179 | Started
[SI/22-23/21677] 102/179 | Completed in 0:00:00.204451 Total time till now 0:09:58.385465
[SI/22-23/21678] 103/179 | Started
[SI/22-23/21678] 103/179 | Completed in 0:00:00.128916 Total time till now 0:09:58.514425
[SI/22-23/21679] 104/179 | Started
[SI/22-23/21679] 104/179 | Completed in 0:00:00.229948 Total time till now 0:09:58.744415
[SI/22-23/21680] 105/179 | Started
[SI/22-23/21680] 105/179 | Completed in 0:00:00.201782 Total time till now 0:09:58.946262
[SI/22-23/21681] 106/179 | Started
[SI/22-23/21681] 106/179 | Completed in 0:00:00.127895 Total time till now 0:09:59.074201
[SI/22-23/21682] 107/179 | Started
[SI/22-23/21682] 107/179 | Completed in 0:00:00.521552 Total time till now 0:09:59.595798
[SI/22-23/21683] 108/179 | Started
[SI/22-23/21683] 108/179 | Completed in 0:00:00.322458 Total time till now 0:09:59.918310
[SI/22-23/21684] 109/179 | Started
[SI/22-23/21684] 109/179 | Completed in 0:00:00.304142 Total time till now 0:10:00.222505
[SI/22-23/21685] 110/179 | Started
[SI/22-23/21685] 110/179 | Completed in 0:00:00.114785 Total time till now 0:10:00.337331
[SI/22-23/21686] 111/179 | Started
[SI/22-23/21686] 111/179 | Completed in 0:00:00.114011 Total time till now 0:10:00.451387
[SI/22-23/21687] 112/179 | Started
[SI/22-23/21687] 112/179 | Completed in 0:00:00.054107 Total time till now 0:10:00.505539
[SI/22-23/21688] 113/179 | Started
[SI/22-23/21688] 113/179 | Completed in 0:00:00.030704 Total time till now 0:10:00.536286
[SI/22-23/21689] 114/179 | Started
[SI/22-23/21689] 114/179 | Completed in 0:00:00.127251 Total time till now 0:10:00.663584
[SI/22-23/21690] 115/179 | Started
[SI/22-23/21690] 115/179 | Completed in 0:00:00.084908 Total time till now 0:10:00.748538
[SI/22-23/21691] 116/179 | Started
[SI/22-23/21691] 116/179 | Completed in 0:00:00.229842 Total time till now 0:10:00.978426
[SI/22-23/21692] 117/179 | Started
[SI/22-23/21692] 117/179 | Wrong items 1
[SI/22-23/21692] 117/179 | CN creation started
[SI/22-23/21692] 117/179 | CN creation completed - [CN/22-23/06600]: Grand Total = -2880.0
[SI/22-23/21692] 117/179 | Correct SI creation started
[SI/22-23/21783] 117/179 | Correct SI creation completed - [SI/22-23/21783]: Grand Total = 4480.08
[SI/22-23/21783] 117/179 | Completed in 0:00:07.141128 Total time till now 0:10:08.119614
[SI/22-23/21693] 118/179 | Started
[SI/22-23/21693] 118/179 | Completed in 0:00:00.109331 Total time till now 0:10:08.228997
[SI/22-23/21694] 119/179 | Started
[SI/22-23/21694] 119/179 | Completed in 0:00:00.104322 Total time till now 0:10:08.333385
[SI/22-23/21695] 120/179 | Started
[SI/22-23/21695] 120/179 | Completed in 0:00:00.090359 Total time till now 0:10:08.423894
[SI/22-23/21696] 121/179 | Started
[SI/22-23/21696] 121/179 | Completed in 0:00:00.131528 Total time till now 0:10:08.555469
[SI/22-23/21697] 122/179 | Started
[SI/22-23/21697] 122/179 | Completed in 0:00:00.071941 Total time till now 0:10:08.627454
[SI/22-23/21698] 123/179 | Started
[SI/22-23/21698] 123/179 | Completed in 0:00:00.302738 Total time till now 0:10:08.930237
[SI/22-23/21699] 124/179 | Started
[SI/22-23/21699] 124/179 | Completed in 0:00:00.867912 Total time till now 0:10:09.798193
[SI/22-23/21700] 125/179 | Started
[SI/22-23/21700] 125/179 | Completed in 0:00:00.314633 Total time till now 0:10:10.112874
[SI/22-23/21701] 126/179 | Started
[SI/22-23/21701] 126/179 | Completed in 0:00:00.388978 Total time till now 0:10:10.501900
[SI/22-23/21702] 127/179 | Started
[SI/22-23/21702] 127/179 | Completed in 0:00:00.133766 Total time till now 0:10:10.635712
[SI/22-23/21703] 128/179 | Started
[SI/22-23/21703] 128/179 | Completed in 0:00:00.182685 Total time till now 0:10:10.818441
[SI/22-23/21704] 129/179 | Started
[SI/22-23/21704] 129/179 | Completed in 0:00:00.586228 Total time till now 0:10:11.404720
[SI/22-23/21705] 130/179 | Started
[SI/22-23/21705] 130/179 | Completed in 0:00:00.456019 Total time till now 0:10:11.860784
[SI/22-23/21706] 131/179 | Started
[SI/22-23/21706] 131/179 | Completed in 0:00:00.044922 Total time till now 0:10:11.905758
[SI/22-23/21707] 132/179 | Started
[SI/22-23/21707] 132/179 | Completed in 0:00:00.162310 Total time till now 0:10:12.068114
[SI/22-23/21708] 133/179 | Started
[SI/22-23/21708] 133/179 | Completed in 0:00:00.052431 Total time till now 0:10:12.120592
[SI/22-23/21709] 134/179 | Started
[SI/22-23/21709] 134/179 | Completed in 0:00:00.139366 Total time till now 0:10:12.260010
[SI/22-23/21717] 135/179 | Started
[SI/22-23/21717] 135/179 | Completed in 0:00:00.033219 Total time till now 0:10:12.293277
[SI/22-23/21734] 136/179 | Started
[SI/22-23/21734] 136/179 | Completed in 0:00:00.191043 Total time till now 0:10:12.484367
[SI/22-23/21735] 137/179 | Started
[SI/22-23/21735] 137/179 | Completed in 0:00:00.124869 Total time till now 0:10:12.609286
[SI/22-23/21736] 138/179 | Started
[SI/22-23/21736] 138/179 | Completed in 0:00:00.693207 Total time till now 0:10:13.302541
[SI/22-23/21737] 139/179 | Started
[SI/22-23/21737] 139/179 | Wrong items 1
[SI/22-23/21737] 139/179 | CN creation started
[SI/22-23/21737] 139/179 | CN creation completed - [CN/22-23/06601]: Grand Total = -1440.0
[SI/22-23/21737] 139/179 | Correct SI creation started
[SI/22-23/21784] 139/179 | Correct SI creation completed - [SI/22-23/21784]: Grand Total = 2240.04
[SI/22-23/21784] 139/179 | Completed in 0:00:08.668096 Total time till now 0:10:21.970709
[SI/22-23/21743] 140/179 | Started
[SI/22-23/21743] 140/179 | Completed in 0:00:00.296138 Total time till now 0:10:22.266894
[SI/22-23/21744] 141/179 | Started
[SI/22-23/21744] 141/179 | Wrong items 1
[SI/22-23/21744] 141/179 | CN creation started
[SI/22-23/21744] 141/179 | CN creation completed - [CN/22-23/06602]: Grand Total = -360.0
[SI/22-23/21744] 141/179 | Correct SI creation started
[SI/22-23/21785] 141/179 | Correct SI creation completed - [SI/22-23/21785]: Grand Total = 560.01
[SI/22-23/21785] 141/179 | Completed in 0:00:06.780536 Total time till now 0:10:29.047487
[SI/22-23/21358] 142/179 | Started
[SI/22-23/21358] 142/179 | Wrong items 1
[SI/22-23/21358] 142/179 | CN creation started
[SI/22-23/21358] 142/179 | CN creation completed - [CN/22-23/06603]: Grand Total = -933.28
[SI/22-23/21358] 142/179 | Correct SI creation started
[SI/22-23/21786] 142/179 | Correct SI creation completed - [SI/22-23/21786]: Grand Total = 914.56
[SI/22-23/21786] 142/179 | Completed in 0:00:06.117685 Total time till now 0:10:35.165258
[SI/22-23/21458] 143/179 | Started
[SI/22-23/21458] 143/179 | Wrong items 13
[SI/22-23/21458] 143/179 | CN creation started
[SI/22-23/21458] 143/179 | CN creation completed - [CN/22-23/06604]: Grand Total = -7496.7
[SI/22-23/21458] 143/179 | Correct SI creation started
[SI/22-23/21787] 143/179 | Correct SI creation completed - [SI/22-23/21787]: Grand Total = 7649.68
[SI/22-23/21787] 143/179 | Completed in 0:00:16.374225 Total time till now 0:10:51.539665
[SI/22-23/21460] 144/179 | Started
[SI/22-23/21460] 144/179 | Wrong items 35
[SI/22-23/21460] 144/179 | CN creation started
[SI/22-23/21460] 144/179 | CN creation completed - [CN/22-23/06605]: Grand Total = -13965.0
[SI/22-23/21460] 144/179 | Correct SI creation started
[SI/22-23/21788] 144/179 | Correct SI creation completed - [SI/22-23/21788]: Grand Total = 14250.0
[SI/22-23/21788] 144/179 | Completed in 0:00:33.260700 Total time till now 0:11:24.800432
[SI/22-23/21462] 145/179 | Started
[SI/22-23/21462] 145/179 | Wrong items 7
[SI/22-23/21462] 145/179 | CN creation started
[SI/22-23/21462] 145/179 | CN creation completed - [CN/22-23/06606]: Grand Total = -4932.64
[SI/22-23/21462] 145/179 | Correct SI creation started
[SI/22-23/21789] 145/179 | Correct SI creation completed - [SI/22-23/21789]: Grand Total = 5033.2
[SI/22-23/21789] 145/179 | Completed in 0:00:11.902774 Total time till now 0:11:36.703272
[SI/22-23/21463] 146/179 | Started
[SI/22-23/21463] 146/179 | Wrong items 6
[SI/22-23/21463] 146/179 | CN creation started
[SI/22-23/21463] 146/179 | CN creation completed - [CN/22-23/06607]: Grand Total = -4781.87
[SI/22-23/21463] 146/179 | Correct SI creation started
[SI/22-23/21790] 146/179 | Correct SI creation completed - [SI/22-23/21790]: Grand Total = 4878.88
[SI/22-23/21790] 146/179 | Completed in 0:00:10.543020 Total time till now 0:11:47.246368
[SI/22-23/21464] 147/179 | Started
[SI/22-23/21464] 147/179 | Wrong items 1
[SI/22-23/21464] 147/179 | CN creation started
[SI/22-23/21464] 147/179 | CN creation completed - [CN/22-23/06608]: Grand Total = -878.08
[SI/22-23/21464] 147/179 | Correct SI creation started
[SI/22-23/21791] 147/179 | Correct SI creation completed - [SI/22-23/21791]: Grand Total = 896.0
[SI/22-23/21791] 147/179 | Completed in 0:00:05.739761 Total time till now 0:11:52.986191
[SI/22-23/21465] 148/179 | Started
[SI/22-23/21465] 148/179 | Wrong items 21
[SI/22-23/21465] 148/179 | CN creation started
[SI/22-23/21465] 148/179 | CN creation completed - [CN/22-23/06609]: Grand Total = -12909.8
[SI/22-23/21465] 148/179 | Correct SI creation started
[SI/22-23/21792] 148/179 | Correct SI creation completed - [SI/22-23/21792]: Grand Total = 13173.02
[SI/22-23/21792] 148/179 | Completed in 0:00:24.075644 Total time till now 0:12:17.061900
[SI/22-23/21466] 149/179 | Started
[SI/22-23/21466] 149/179 | Wrong items 26
[SI/22-23/21466] 149/179 | CN creation started
[SI/22-23/21466] 149/179 | CN creation completed - [CN/22-23/06610]: Grand Total = -7684.59
[SI/22-23/21466] 149/179 | Correct SI creation started
[SI/22-23/21793] 149/179 | Correct SI creation completed - [SI/22-23/21793]: Grand Total = 7840.77
[SI/22-23/21793] 149/179 | Completed in 0:00:28.499302 Total time till now 0:12:45.561259
[SI/22-23/21494] 150/179 | Started
[SI/22-23/21494] 150/179 | Wrong items 9
[SI/22-23/21494] 150/179 | CN creation started
[SI/22-23/21494] 150/179 | CN creation completed - [CN/22-23/06611]: Grand Total = -3965.5
[SI/22-23/21494] 150/179 | Correct SI creation started
[SI/22-23/21794] 150/179 | Correct SI creation completed - [SI/22-23/21794]: Grand Total = 4046.72
[SI/22-23/21794] 150/179 | Completed in 0:00:22.577490 Total time till now 0:13:08.138813
[SI/22-23/21597] 151/179 | Started
[SI/22-23/21597] 151/179 | Wrong items 11
[SI/22-23/21597] 151/179 | CN creation started
[SI/22-23/21597] 151/179 | CN creation completed - [CN/22-23/06612]: Grand Total = -6115.62
[SI/22-23/21597] 151/179 | Correct SI creation started
[SI/22-23/21795] 151/179 | Correct SI creation completed - [SI/22-23/21795]: Grand Total = 6240.27
[SI/22-23/21795] 151/179 | Completed in 0:00:16.384151 Total time till now 0:13:24.523032
[SI/22-23/21598] 152/179 | Started
[SI/22-23/21598] 152/179 | Wrong items 4
[SI/22-23/21598] 152/179 | CN creation started
[SI/22-23/21598] 152/179 | CN creation completed - [CN/22-23/06613]: Grand Total = -1632.91
[SI/22-23/21598] 152/179 | Correct SI creation started
[SI/22-23/21796] 152/179 | Correct SI creation completed - [SI/22-23/21796]: Grand Total = 1666.24
[SI/22-23/21796] 152/179 | Completed in 0:00:11.033779 Total time till now 0:13:35.556895
[SI/22-23/21599] 153/179 | Started
[SI/22-23/21599] 153/179 | Wrong items 3
[SI/22-23/21599] 153/179 | CN creation started
[SI/22-23/21599] 153/179 | CN creation completed - [CN/22-23/06614]: Grand Total = -436.64
[SI/22-23/21599] 153/179 | Correct SI creation started
[SI/22-23/21797] 153/179 | Correct SI creation completed - [SI/22-23/21797]: Grand Total = 445.53
[SI/22-23/21797] 153/179 | Completed in 0:00:08.744109 Total time till now 0:13:44.301074
[SI/22-23/21600] 154/179 | Started
[SI/22-23/21600] 154/179 | Wrong items 2
[SI/22-23/21600] 154/179 | CN creation started
[SI/22-23/21600] 154/179 | CN creation completed - [CN/22-23/06615]: Grand Total = -526.32
[SI/22-23/21600] 154/179 | Correct SI creation started
[SI/22-23/21798] 154/179 | Correct SI creation completed - [SI/22-23/21798]: Grand Total = 537.12
[SI/22-23/21798] 154/179 | Completed in 0:00:07.308582 Total time till now 0:13:51.609721
[SI/22-23/21601] 155/179 | Started
[SI/22-23/21601] 155/179 | Wrong items 4
[SI/22-23/21601] 155/179 | CN creation started
[SI/22-23/21601] 155/179 | CN creation completed - [CN/22-23/06616]: Grand Total = -1919.81
[SI/22-23/21601] 155/179 | Correct SI creation started
[SI/22-23/21799] 155/179 | Correct SI creation completed - [SI/22-23/21799]: Grand Total = 1959.09
[SI/22-23/21799] 155/179 | Completed in 0:00:10.366893 Total time till now 0:14:01.976676
[SI/22-23/21602] 156/179 | Started
[SI/22-23/21602] 156/179 | Wrong items 2
[SI/22-23/21602] 156/179 | CN creation started
[SI/22-23/21602] 156/179 | CN creation completed - [CN/22-23/06617]: Grand Total = -854.22
[SI/22-23/21602] 156/179 | Correct SI creation started
[SI/22-23/21800] 156/179 | Correct SI creation completed - [SI/22-23/21800]: Grand Total = 871.7
[SI/22-23/21800] 156/179 | Completed in 0:00:07.345627 Total time till now 0:14:09.322365
[SI/22-23/21603] 157/179 | Started
[SI/22-23/21603] 157/179 | Wrong items 22
[SI/22-23/21603] 157/179 | CN creation started
[SI/22-23/21603] 157/179 | CN creation completed - [CN/22-23/06618]: Grand Total = -8784.07
[SI/22-23/21603] 157/179 | Correct SI creation started
[SI/22-23/21801] 157/179 | Correct SI creation completed - [SI/22-23/21801]: Grand Total = 8962.76
[SI/22-23/21801] 157/179 | Completed in 0:00:25.289278 Total time till now 0:14:34.611789
[SI/22-23/21604] 158/179 | Started
[SI/22-23/21604] 158/179 | Wrong items 19
[SI/22-23/21604] 158/179 | CN creation started
[SI/22-23/21604] 158/179 | CN creation completed - [CN/22-23/06619]: Grand Total = -8613.76
[SI/22-23/21604] 158/179 | Correct SI creation started
[SI/22-23/21802] 158/179 | Correct SI creation completed - [SI/22-23/21802]: Grand Total = 8789.62
[SI/22-23/21802] 158/179 | Completed in 0:00:22.375086 Total time till now 0:14:56.986932
[SI/22-23/21605] 159/179 | Started
[SI/22-23/21605] 159/179 | Wrong items 4
[SI/22-23/21605] 159/179 | CN creation started
[SI/22-23/21605] 159/179 | CN creation completed - [CN/22-23/06620]: Grand Total = -2062.72
[SI/22-23/21605] 159/179 | Correct SI creation started
[SI/22-23/21803] 159/179 | Correct SI creation completed - [SI/22-23/21803]: Grand Total = 2104.73
[SI/22-23/21803] 159/179 | Completed in 0:00:10.137070 Total time till now 0:15:07.124080
[SI/22-23/21606] 160/179 | Started
[SI/22-23/21606] 160/179 | Wrong items 4
[SI/22-23/21606] 160/179 | CN creation started
[SI/22-23/21606] 160/179 | CN creation completed - [CN/22-23/06621]: Grand Total = -783.7
[SI/22-23/21606] 160/179 | Correct SI creation started
[SI/22-23/21804] 160/179 | Correct SI creation completed - [SI/22-23/21804]: Grand Total = 799.65
[SI/22-23/21804] 160/179 | Completed in 0:00:09.899697 Total time till now 0:15:17.023840
[SI/22-23/21607] 161/179 | Started
[SI/22-23/21607] 161/179 | Wrong items 20
[SI/22-23/21607] 161/179 | CN creation started
[SI/22-23/21607] 161/179 | CN creation completed - [CN/22-23/06622]: Grand Total = -6656.08
[SI/22-23/21607] 161/179 | Correct SI creation started
[SI/22-23/21805] 161/179 | Correct SI creation completed - [SI/22-23/21805]: Grand Total = 6792.0
[SI/22-23/21805] 161/179 | Completed in 0:00:21.767645 Total time till now 0:15:38.791657
[SI/22-23/21608] 162/179 | Started
[SI/22-23/21608] 162/179 | Wrong items 4
[SI/22-23/21608] 162/179 | CN creation started
[SI/22-23/21608] 162/179 | CN creation completed - [CN/22-23/06623]: Grand Total = -2193.4
[SI/22-23/21608] 162/179 | Correct SI creation started
[SI/22-23/21806] 162/179 | Correct SI creation completed - [SI/22-23/21806]: Grand Total = 2238.05
[SI/22-23/21806] 162/179 | Completed in 0:00:10.737663 Total time till now 0:15:49.529381
[SI/22-23/21609] 163/179 | Started
[SI/22-23/21609] 163/179 | Wrong items 4
[SI/22-23/21609] 163/179 | CN creation started
[SI/22-23/21609] 163/179 | CN creation completed - [CN/22-23/06624]: Grand Total = -653.02
[SI/22-23/21609] 163/179 | Correct SI creation started
[SI/22-23/21807] 163/179 | Correct SI creation completed - [SI/22-23/21807]: Grand Total = 666.33
[SI/22-23/21807] 163/179 | Completed in 0:00:15.737844 Total time till now 0:16:05.267366
[SI/22-23/21610] 164/179 | Started
[SI/22-23/21610] 164/179 | Wrong items 7
[SI/22-23/21610] 164/179 | CN creation started
[SI/22-23/21610] 164/179 | CN creation completed - [CN/22-23/06625]: Grand Total = -4763.0
[SI/22-23/21610] 164/179 | Correct SI creation started
[SI/22-23/21808] 164/179 | Correct SI creation completed - [SI/22-23/21808]: Grand Total = 4859.67
[SI/22-23/21808] 164/179 | Completed in 0:00:17.443164 Total time till now 0:16:22.710584
[SI/22-23/21611] 165/179 | Started
[SI/22-23/21611] 165/179 | Wrong items 4
[SI/22-23/21611] 165/179 | CN creation started
[SI/22-23/21611] 165/179 | CN creation completed - [CN/22-23/06626]: Grand Total = -4034.48
[SI/22-23/21611] 165/179 | Correct SI creation started
[SI/22-23/21809] 165/179 | Correct SI creation completed - [SI/22-23/21809]: Grand Total = 4115.82
[SI/22-23/21809] 165/179 | Completed in 0:00:20.299469 Total time till now 0:16:43.010106
[SI/22-23/21612] 166/179 | Started
[SI/22-23/21612] 166/179 | Wrong items 4
[SI/22-23/21612] 166/179 | CN creation started
[SI/22-23/21612] 166/179 | CN creation completed - [CN/22-23/06627]: Grand Total = -2368.08
[SI/22-23/21612] 166/179 | Correct SI creation started
[SI/22-23/21810] 166/179 | Correct SI creation completed - [SI/22-23/21810]: Grand Total = 2416.3
[SI/22-23/21810] 166/179 | Completed in 0:00:16.485999 Total time till now 0:16:59.496162
[SI/22-23/21613] 167/179 | Started
[SI/22-23/21613] 167/179 | Wrong items 4
[SI/22-23/21613] 167/179 | CN creation started
[SI/22-23/21613] 167/179 | CN creation completed - [CN/22-23/06628]: Grand Total = -544.83
[SI/22-23/21613] 167/179 | Correct SI creation started
[SI/22-23/21811] 167/179 | Correct SI creation completed - [SI/22-23/21811]: Grand Total = 555.93
[SI/22-23/21811] 167/179 | Completed in 0:00:16.156743 Total time till now 0:17:15.652961
[SI/22-23/21614] 168/179 | Started
[SI/22-23/21614] 168/179 | Wrong items 8
[SI/22-23/21614] 168/179 | CN creation started
[SI/22-23/21614] 168/179 | CN creation completed - [CN/22-23/06629]: Grand Total = -4328.08
[SI/22-23/21614] 168/179 | Correct SI creation started
[SI/22-23/21812] 168/179 | Correct SI creation completed - [SI/22-23/21812]: Grand Total = 4416.69
[SI/22-23/21812] 168/179 | Completed in 0:00:15.850855 Total time till now 0:17:31.503882
[SI/22-23/21615] 169/179 | Started
[SI/22-23/21615] 169/179 | Wrong items 2
[SI/22-23/21615] 169/179 | CN creation started
[SI/22-23/21615] 169/179 | CN creation completed - [CN/22-23/06630]: Grand Total = -853.62
[SI/22-23/21615] 169/179 | Correct SI creation started
[SI/22-23/21813] 169/179 | Correct SI creation completed - [SI/22-23/21813]: Grand Total = 871.06
[SI/22-23/21813] 169/179 | Completed in 0:00:08.394572 Total time till now 0:17:39.898524
[SI/22-23/21616] 170/179 | Started
[SI/22-23/21616] 170/179 | Wrong items 11
[SI/22-23/21616] 170/179 | CN creation started
[SI/22-23/21616] 170/179 | CN creation completed - [CN/22-23/06631]: Grand Total = -4330.03
[SI/22-23/21616] 170/179 | Correct SI creation started
[SI/22-23/21814] 170/179 | Correct SI creation completed - [SI/22-23/21814]: Grand Total = 4417.94
[SI/22-23/21814] 170/179 | Completed in 0:00:26.718110 Total time till now 0:18:06.616699
[SI/22-23/21617] 171/179 | Started
[SI/22-23/21617] 171/179 | Wrong items 5
[SI/22-23/21617] 171/179 | CN creation started
[SI/22-23/21617] 171/179 | CN creation completed - [CN/22-23/06632]: Grand Total = -3867.06
[SI/22-23/21617] 171/179 | Correct SI creation started
[SI/22-23/21815] 171/179 | Correct SI creation completed - [SI/22-23/21815]: Grand Total = 3945.69
[SI/22-23/21815] 171/179 | Completed in 0:00:11.727734 Total time till now 0:18:18.344494
[SI/22-23/21618] 172/179 | Started
[SI/22-23/21618] 172/179 | Completed in 0:00:00.030974 Total time till now 0:18:18.375519
[SI/22-23/21619] 173/179 | Started
[SI/22-23/21619] 173/179 | Completed in 0:00:00.029373 Total time till now 0:18:18.404941
[SI/22-23/21620] 174/179 | Started
[SI/22-23/21620] 174/179 | Wrong items 4
[SI/22-23/21620] 174/179 | CN creation started
[SI/22-23/21620] 174/179 | CN creation completed - [CN/22-23/06633]: Grand Total = -1673.41
[SI/22-23/21620] 174/179 | Correct SI creation started
[SI/22-23/21816] 174/179 | Correct SI creation completed - [SI/22-23/21816]: Grand Total = 1707.51
[SI/22-23/21816] 174/179 | Completed in 0:00:12.361384 Total time till now 0:18:30.766382
[SI/22-23/21621] 175/179 | Started
[SI/22-23/21621] 175/179 | Wrong items 2
[SI/22-23/21621] 175/179 | CN creation started
[SI/22-23/21621] 175/179 | CN creation completed - [CN/22-23/06634]: Grand Total = -787.68
[SI/22-23/21621] 175/179 | Correct SI creation started
[SI/22-23/21817] 175/179 | Correct SI creation completed - [SI/22-23/21817]: Grand Total = 803.76
[SI/22-23/21817] 175/179 | Completed in 0:00:08.415656 Total time till now 0:18:39.182097
[SI/22-23/21622] 176/179 | Started
[SI/22-23/21622] 176/179 | Wrong items 7
[SI/22-23/21622] 176/179 | CN creation started
[SI/22-23/21622] 176/179 | CN creation completed - [CN/22-23/06635]: Grand Total = -3905.83
[SI/22-23/21622] 176/179 | Correct SI creation started
[SI/22-23/21818] 176/179 | Correct SI creation completed - [SI/22-23/21818]: Grand Total = 3985.5
[SI/22-23/21818] 176/179 | Completed in 0:00:13.418866 Total time till now 0:18:52.601035
[SI/22-23/21623] 177/179 | Started
[SI/22-23/21623] 177/179 | Wrong items 16
[SI/22-23/21623] 177/179 | CN creation started
[SI/22-23/21623] 177/179 | CN creation completed - [CN/22-23/06636]: Grand Total = -7088.58
[SI/22-23/21623] 177/179 | Correct SI creation started
[SI/22-23/21819] 177/179 | Correct SI creation completed - [SI/22-23/21819]: Grand Total = 7233.3
[SI/22-23/21819] 177/179 | Completed in 0:00:17.498473 Total time till now 0:19:10.099566
[SI/22-23/21624] 178/179 | Started
[SI/22-23/21624] 178/179 | Completed in 0:00:00.176802 Total time till now 0:19:10.276421
[SI/22-23/21625] 179/179 | Started
[SI/22-23/21625] 179/179 | Completed in 0:00:00.053097 Total time till now 0:19:10.329576
Total time taken 0:19:10.329625
Total wrong Sales Invoices = 73
Total wrong items = 561
Total CN Grand Total = -416767.91000000015
Total SI Grand Total = 379078.95000000007
Total Excess Billed = 37688.96000000008